[2018-12-31 11:53:18.236] [exthost] [info] extension host started
[2018-12-31 11:53:18.266] [exthost] [info] ExtensionService#_doActivateExtension vscode.debug-auto-launch {"startup":true,"activationEvent":"*"}
[2018-12-31 11:53:18.266] [exthost] [info] ExtensionService#loadCommonJSModule /usr/share/code/resources/app/extensions/debug-auto-launch/dist/extension
[2018-12-31 11:53:18.275] [exthost] [info] ExtensionService#_doActivateExtension vscode.emmet {"startup":true,"activationEvent":"*"}
[2018-12-31 11:53:18.275] [exthost] [info] ExtensionService#loadCommonJSModule /usr/share/code/resources/app/extensions/emmet/dist/extension
[2018-12-31 11:53:18.349] [exthost] [info] ExtensionService#_doActivateExtension vscode.git {"startup":true,"activationEvent":"*"}
[2018-12-31 11:53:18.349] [exthost] [info] ExtensionService#loadCommonJSModule /usr/share/code/resources/app/extensions/git/dist/main
[2018-12-31 11:53:18.587] [exthost] [info] ExtensionService#_doActivateExtension vscode.merge-conflict {"startup":true,"activationEvent":"*"}
[2018-12-31 11:53:18.587] [exthost] [info] ExtensionService#loadCommonJSModule /usr/share/code/resources/app/extensions/merge-conflict/dist/extension
[2018-12-31 11:53:18.600] [exthost] [info] ExtensionService#_doActivateExtension vscode.search-rg {"startup":true,"activationEvent":"*"}
[2018-12-31 11:53:18.600] [exthost] [info] ExtensionService#loadCommonJSModule /usr/share/code/resources/app/extensions/search-rg/dist/extension
[2018-12-31 11:53:18.609] [exthost] [info] ExtensionService#_doActivateExtension formulahendry.auto-close-tag {"startup":true,"activationEvent":"*"}
[2018-12-31 11:53:18.609] [exthost] [info] ExtensionService#loadCommonJSModule /home/shubham/.vscode/extensions/formulahendry.auto-close-tag-0.5.6/out/src/extension
[2018-12-31 11:53:18.610] [exthost] [info] ExtensionService#_doActivateExtension HookyQR.beautify {"startup":true,"activationEvent":"*"}
[2018-12-31 11:53:18.610] [exthost] [info] ExtensionService#loadCommonJSModule /home/shubham/.vscode/extensions/hookyqr.beautify-1.4.7/extension
[2018-12-31 11:53:18.694] [exthost] [info] ExtensionService#_doActivateExtension ritwickdey.LiveServer {"startup":true,"activationEvent":"*"}
[2018-12-31 11:53:18.694] [exthost] [info] ExtensionService#loadCommonJSModule /home/shubham/.vscode/extensions/ritwickdey.liveserver-5.3.1/out/src/extension
[2018-12-31 11:53:19.287] [exthost] [info] eager extensions activated
[2018-12-31 11:53:19.291] [exthost] [info] ExtensionService#_doActivateExtension vscode.php-language-features {"startup":false,"activationEvent":"onLanguage:php"}
[2018-12-31 11:53:19.291] [exthost] [info] ExtensionService#loadCommonJSModule /usr/share/code/resources/app/extensions/php-language-features/dist/phpMain
[2018-12-31 11:53:38.377] [exthost] [info] ExtensionService#_doActivateExtension vscode.typescript-language-features {"startup":false,"activationEvent":"onLanguage:javascript"}
[2018-12-31 11:53:38.377] [exthost] [info] ExtensionService#loadCommonJSModule /usr/share/code/resources/app/extensions/typescript-language-features/dist/extension
[2018-12-31 11:54:28.551] [exthost] [info] ExtensionService#_doActivateExtension vscode.extension-editing {"startup":false,"activationEvent":"onLanguage:typescript"}
[2018-12-31 11:54:28.551] [exthost] [info] ExtensionService#loadCommonJSModule /usr/share/code/resources/app/extensions/extension-editing/dist/extension
